1693305513320	geckodriver	INFO	Listening on 127.0.0.1:63180
1693305516404	mozrunner::runner	INFO	Running command: "C:\\Program Files\\Mozilla Firefox\\firefox.exe" "--marionette" "--remote-debugging-port" "63181" "--remote-allow-hosts" "localhost" "-no-remote" "-profile" "C:\\Users\\CBT\\AppData\\Local\\Temp\\rust_mozprofile8t04n5"
1693305517002	addons.webextension.screenshots@mozilla.org	WARN	Loading extension 'screenshots@mozilla.org': Reading manifest: Invalid extension permission: mozillaAddons
1693305517003	addons.webextension.screenshots@mozilla.org	WARN	Loading extension 'screenshots@mozilla.org': Reading manifest: Invalid extension permission: telemetry
1693305517004	addons.webextension.screenshots@mozilla.org	WARN	Loading extension 'screenshots@mozilla.org': Reading manifest: Invalid extension permission: resource://pdf.js/
1693305517005	addons.webextension.screenshots@mozilla.org	WARN	Loading extension 'screenshots@mozilla.org': Reading manifest: Invalid extension permission: about:reader*
JavaScript error: chrome://remote/content/RemoteAgent.jsm, line 38: Error: Remote agent is disabled by its preference
JavaScript error: resource://gre/modules/XULStore.jsm, line 66: Error: Can't find profile directory.
1693305518666	Marionette	INFO	Listening on port 63189
1693305519081	Marionette	WARN	TLS certificate errors will be ignored for this session
[Parent 14092, Gecko_IOThread] WARNING: pipe error: 109: file z:/task_1568728986/build/src/ipc/chromium/src/chrome/common/ipc_channel_win.cc, line 341
[Parent 14092, Gecko_IOThread] WARNING: pipe error: 109: file z:/task_1568728986/build/src/ipc/chromium/src/chrome/common/ipc_channel_win.cc, line 341
[Child 13668, Chrome_ChildThread] WARNING: pipe error: 109: file z:/task_1568728986/build/src/ipc/chromium/src/chrome/common/ipc_channel_win.cc, line 341
[Child 5372, Chrome_ChildThread] WARNING: pipe error: 109: file z:/task_1568728986/build/src/ipc/chromium/src/chrome/common/ipc_channel_win.cc, line 341
[Child 5372, Chrome_ChildThread] WARNING: pipe error: 109: file z:/task_1568728986/build/src/ipc/chromium/src/chrome/common/ipc_channel_win.cc, line 341
[Parent 14092, Gecko_IOThread] WARNING: pipe error: 109: file z:/task_1568728986/build/src/ipc/chromium/src/chrome/common/ipc_channel_win.cc, line 341
[Child 10476, Chrome_ChildThread] WARNING: pipe error: 109: file z:/task_1568728986/build/src/ipc/chromium/src/chrome/common/ipc_channel_win.cc, line 341
[Child 10476, Chrome_ChildThread] WARNING: pipe error: 109: file z:/task_1568728986/build/src/ipc/chromium/src/chrome/common/ipc_channel_win.cc, line 341
1693305687898	Marionette	INFO	Stopped listening on port 63189
[GPU 1632, Chrome_ChildThread] WARNING: pipe error: 109: file z:/task_1568728986/build/src/ipc/chromium/src/chrome/common/ipc_channel_win.cc, line 341

###!!! [Child][RunMessage] Error: Channel closing: too late to send/recv, messages will be lost


###!!! [Child][MessageChannel::SendAndWait] Error: Channel error: cannot send/recv

