==============================================================================
Suites                                                                        
==============================================================================
Suites.GetAll Links                                                           
==============================================================================
Getall_links                                                          236
Learn more
Got it!

Coronavirus
Population
W
A
B
C
D
E
F
G
H
I
J
K
L
M
N
O
P
Q
R
S
T
U
V
W
X
Y
Z
42,239,854
2,832,439
45,606,480
80,088
36,684,202
94,298
45,773,884
2,777,970
26,439,111
8,958,960
10,412,651
412,623
1,485,509
172,954,319
281,995
9,498,238
11,686,140
410,825
13,712,828
787,424
12,388,571
3,210,847
2,675,352
216,422,446
452,524
6,687,717
23,251,485
13,238,559
28,873,034
598,682
16,944,826
28,647,293
38,781,291
5,742,315
18,278,568
19,629,590
1,425,671,352
52,085,168
852,075
6,106,869
5,212,173
4,008,617
11,194,449
1,260,138
10,495,295
102,262,808
5,910,913
1,136,455
73,040
11,332,972
18,190,484
112,716,598
6,364,943
1,714,671
3,748,901
1,322,765
1,210,822
126,527,060
936,375
5,545,475
64,756,584
2,436,566
2,773,168
3,728,282
83,294,633
34,121,985
10,341,277
126,183
18,092,026
14,190,612
2,150,842
813,834
11,724,763
518
10,593,798
10,156,239
375,318
1,428,627,663
277,534,122
89,172,767
45,504,560
5,056,935
9,174,520
58,870,762
2,825,544
123,294,513
11,337,052
19,606,633
55,100,586
133,515
4,310,108
6,735,347
7,633,779
1,830,211
5,353,930
2,330,318
5,418,377
6,888,388
39,584
2,718,352
654,768
30,325,732
20,931,751
34,308,525
521,021
23,293,698
535,064
41,996
4,862,989
1,300,557
128,455,567
544,321
3,435,931
36,297
3,447,157
626,485
37,840,044
33,897,354
54,577,997
2,604,172
12,780
30,896,590
17,618,299
5,228,100
7,046,310
27,202,843
223,804,632
26,160,821
2,085,679
5,474,360
4,644,384
240,485,658
18,058
5,371,230
4,468,087
10,329,931
6,861,524
34,352,719
117,337,368
41,026,067
10,247,605
2,716,391
19,892,812
144,444,359
14,094,683
47,755
180,251
103,698
225,681
33,642
231,856
36,947,025
17,763,163
7,149,077
107,660
8,791,092
6,014,723
5,795,199
2,119,675
740,424
18,143,378
60,414,495
51,784,059
11,088,796
47,519,628
21,893,579
48,109,006
623,236
10,612,086
8,796,669
23,227,014
10,143,543
67,438,106
71,801,279
1,360,596
9,053,799
107,773
1,534,937
12,458,223
85,816,199
6,516,100
11,396
48,582,334
36,744,634
9,516,871
67,736,802
339,996,563
3,423,108
35,163,944
334,506
28,838,499
98,858,950
34,449,825
20,569,737
16,665,409

about
faq
languages
contact



Disclaimer & Privacy Policy
| PASS |
------------------------------------------------------------------------------
Suites.GetAll Links                                                   | PASS |
1 test, 1 passed, 0 failed
==============================================================================
Suites                                                                | PASS |
1 test, 1 passed, 0 failed
==============================================================================
Output:  C:\Users\CBT\PycharmProjects\GodsOwnStay\Results\pabot_results\7\output.xml
