==============================================================================
Suites                                                                        
==============================================================================
Suites.DDT1                                                                   
==============================================================================
Right_username_empty_pwd                                              | PASS |
------------------------------------------------------------------------------
Right_username_wrong_pwd                                              | PASS |
------------------------------------------------------------------------------
Wrong_username_right_pwd                                              | PASS |
------------------------------------------------------------------------------
Wrong_username_empty_pwd                                              | PASS |
------------------------------------------------------------------------------
WWrong_username_wrong_pwd                                             | PASS |
------------------------------------------------------------------------------
Suites.DDT1                                                           | PASS |
5 tests, 5 passed, 0 failed
==============================================================================
Suites                                                                | PASS |
5 tests, 5 passed, 0 failed
==============================================================================
Output:  C:\Users\CBT\PycharmProjects\GodsOwnStay\Results\pabot_results\3\output.xml
